\BOOKMARK [1][-]{section.1}{\376\377\004\041\004\077\004\070\004\101\004\076\004\072\000\040\004\070\004\073\004\073\004\116\004\101\004\102\004\100\004\060\004\106\004\070\004\071}{}% 1
\BOOKMARK [1][-]{section.2}{\376\377\004\041\004\077\004\070\004\101\004\076\004\072\000\040\004\102\004\060\004\061\004\073\004\070\004\106}{}% 2
\BOOKMARK [1][-]{section.3}{\376\377\004\037\004\076\004\101\004\102\004\060\004\075\004\076\004\062\004\072\004\060\000\040\004\067\004\060\004\064\004\060\004\107\004\070}{}% 3
\BOOKMARK [1][-]{section.4}{\376\377\004\042\004\065\004\076\004\100\004\070\004\117}{}% 4
\BOOKMARK [2][-]{subsection.4.1}{\376\377\004\037\004\073\004\076\004\102\004\075\004\076\004\101\004\102\004\070\000\040\004\100\004\060\004\101\004\077\004\100\004\065\004\064\004\065\004\073\004\065\004\075\004\070\004\117\000\040\004\062\004\065\004\100\004\076\004\117\004\102\004\075\004\076\004\101\004\102\004\065\004\071}{section.4}% 5
\BOOKMARK [2][-]{subsection.4.2}{\376\377\004\045\004\060\004\100\004\060\004\072\004\102\004\065\004\100\004\070\004\101\004\102\004\070\004\072\004\070\000\040\004\077\004\076\004\073\004\076\004\066\004\065\004\075\004\070\004\117}{section.4}% 6
\BOOKMARK [2][-]{subsection.4.3}{\376\377\004\021\004\076\004\072\004\101\004\077\004\073\004\076\004\102\000\040\004\042\004\114\004\116\004\072\004\070}{section.4}% 7
\BOOKMARK [2][-]{subsection.4.4}{\376\377\004\055\004\074\004\077\004\070\004\100\004\070\004\107\004\065\004\101\004\072\004\070\004\065\000\040\004\104\004\103\004\075\004\072\004\106\004\070\004\070\000\040\004\070\000\040\004\117\004\064\004\065\004\100\004\075\004\113\004\065\000\040\004\076\004\106\004\065\004\075\004\072\004\070}{section.4}% 8
\BOOKMARK [1][-]{section.5}{\376\377\004\040\004\065\004\060\004\073\004\070\004\067\004\060\004\106\004\070\004\117}{}% 9
\BOOKMARK [1][-]{section.6}{\376\377\004\040\004\065\004\067\004\103\004\073\004\114\004\102\004\060\004\102\004\113}{}% 10
\BOOKMARK [2][-]{subsection.6.1}{\376\377\004\037\004\073\004\076\004\102\004\075\004\076\004\101\004\102\004\070\000\040\004\100\004\060\004\101\004\077\004\100\004\065\004\064\004\065\004\073\004\065\004\075\004\070\004\117\000\040\004\062\004\065\004\100\004\076\004\117\004\102\004\075\004\076\004\101\004\102\004\065\004\071}{section.6}% 11
\BOOKMARK [2][-]{subsection.6.2}{\376\377\004\045\004\060\004\100\004\060\004\072\004\102\004\065\004\100\004\070\004\101\004\102\004\070\004\072\004\070\000\040\004\077\004\076\004\073\004\076\004\066\004\065\004\075\004\070\004\117}{section.6}% 12
\BOOKMARK [2][-]{subsection.6.3}{\376\377\004\021\004\076\004\072\004\101\004\077\004\073\004\076\004\102\000\040\004\042\004\114\004\116\004\072\004\070}{section.6}% 13
\BOOKMARK [2][-]{subsection.6.4}{\376\377\004\057\004\064\004\065\004\100\004\075\004\113\004\065\000\040\004\104\004\103\004\075\004\072\004\106\004\070\004\070}{section.6}% 14
\BOOKMARK [2][-]{subsection.6.5}{\376\377\004\055\004\074\004\077\004\070\004\100\004\070\004\107\004\065\004\101\004\072\004\070\004\065\000\040\004\104\004\103\004\075\004\072\004\106\004\070\004\070\000\040\004\100\004\060\004\101\004\077\004\100\004\065\004\064\004\065\004\073\004\065\004\075\004\070\004\117}{section.6}% 15
\BOOKMARK [1][-]{section.7}{\376\377\004\036\004\061\004\101\004\103\004\066\004\064\004\065\004\075\004\070\004\065}{}% 16
\BOOKMARK [2][-]{subsection.7.1}{\376\377\004\045\004\060\004\100\004\060\004\072\004\102\004\065\004\100\004\070\004\101\004\102\004\070\004\072\004\070\000\040\004\077\004\076\004\073\004\076\004\066\004\065\004\075\004\070\004\117}{section.7}% 17
\BOOKMARK [1][-]{section.8}{\376\377\004\022\004\113\004\062\004\076\004\064\004\113}{}% 18
\BOOKMARK [2][-]{subsection.8.1}{\376\377\004\037\004\073\004\076\004\102\004\075\004\076\004\101\004\102\004\070\000\040\004\100\004\060\004\101\004\077\004\100\004\065\004\064\004\065\004\073\004\065\004\075\004\070\004\117\000\040\004\062\004\065\004\100\004\076\004\117\004\102\004\075\004\076\004\101\004\102\004\065\004\071}{section.8}% 19
\BOOKMARK [2][-]{subsection.8.2}{\376\377\004\045\004\060\004\100\004\060\004\072\004\102\004\065\004\100\004\070\004\101\004\102\004\070\004\072\004\070\000\040\004\077\004\076\004\073\004\076\004\066\004\065\004\075\004\070\004\117}{section.8}% 20
\BOOKMARK [2][-]{subsection.8.3}{\376\377\004\021\004\076\004\072\004\101\004\077\004\073\004\076\004\102\000\040\004\042\004\114\004\116\004\072\004\070}{section.8}% 21
\BOOKMARK [2][-]{subsection.8.4}{\376\377\004\055\004\074\004\077\004\070\004\100\004\070\004\107\004\065\004\101\004\072\004\070\004\065\000\040\004\104\004\103\004\075\004\072\004\106\004\070\004\070\000\040\004\070\000\040\004\117\004\064\004\065\004\100\004\075\004\113\004\065\000\040\004\076\004\106\004\065\004\075\004\072\004\070}{section.8}% 22
\BOOKMARK [1][-]{section.9}{\376\377\004\041\004\077\004\070\004\101\004\076\004\072\000\040\004\073\004\070\004\102\004\065\004\100\004\060\004\102\004\103\004\100\004\113}{}% 23
