This is pdfTeX, Version 3.14159265-2.6-1.40.21 (MiKTeX 2.9.7350 64-bit) (preloaded format=pdflatex 2020.4.20)  26 APR 2020 21:02
entering extended mode
**./Labs1-4.tex
(Labs1-4.tex
LaTeX2e <2020-02-02> patch level 5
L3 programming layer <2020-03-06> ("D:\MiKTeX 2.9\tex/latex/base\article.cls"
Document Class: article 2019/12/20 v1.4l Standard LaTeX document class
("D:\MiKTeX 2.9\tex/latex/base\size10.clo"
File: size10.clo 2019/12/20 v1.4l Standard LaTeX file (size option)
)
\c@part=\count167
\c@section=\count168
\c@subsection=\count169
\c@subsubsection=\count170
\c@paragraph=\count171
\c@subparagraph=\count172
\c@figure=\count173
\c@table=\count174
\abovecaptionskip=\skip47
\belowcaptionskip=\skip48
\bibindent=\dimen134
)
("D:\MiKTeX 2.9\tex/latex/jknappen\mathrsfs.sty"
Package: mathrsfs 1996/01/01 Math RSFS package v1.0 (jk)
\symrsfs=\mathgroup4
)
("D:\MiKTeX 2.9\tex/latex/fancyhdr\fancyhdr.sty"
Package: fancyhdr 2019/01/31 v3.10 Extensive control of page headers and footer
s
\f@nch@headwidth=\skip49
\f@nch@O@elh=\skip50
\f@nch@O@erh=\skip51
\f@nch@O@olh=\skip52
\f@nch@O@orh=\skip53
\f@nch@O@elf=\skip54
\f@nch@O@erf=\skip55
\f@nch@O@olf=\skip56
\f@nch@O@orf=\skip57
)
("D:\MiKTeX 2.9\tex/latex/amsfonts\amssymb.sty"
Package: amssymb 2013/01/14 v3.01 AMS font symbols

("D:\MiKTeX 2.9\tex/latex/amsfonts\amsfonts.sty"
Package: amsfonts 2013/01/14 v3.01 Basic AMSFonts support
\@emptytoks=\toks15
\symAMSa=\mathgroup5
\symAMSb=\mathgroup6
LaTeX Font Info:    Redeclaring math symbol \hbar on input line 98.
LaTeX Font Info:    Overwriting math alphabet `\mathfrak' in version `bold'
(Font)                  U/euf/m/n --> U/euf/b/n on input line 106.
))
("D:\MiKTeX 2.9\tex/latex/base\latexsym.sty"
Package: latexsym 1998/08/17 v2.2e Standard LaTeX package (lasy symbols)
\symlasy=\mathgroup7
LaTeX Font Info:    Overwriting symbol font `lasy' in version `bold'
(Font)                  U/lasy/m/n --> U/lasy/b/n on input line 52.
)
("D:\MiKTeX 2.9\tex/latex/base\inputenc.sty"
Package: inputenc 2018/08/11 v1.3c Input encoding file
\inpenc@prehook=\toks16
\inpenc@posthook=\toks17
)
("D:\MiKTeX 2.9\tex/generic/babel\babel.sty"
Package: babel 2020/02/28 3.41 The Babel package

("D:\MiKTeX 2.9\tex/generic/babel\switch.def"
File: switch.def 2020/02/28 3.41 Babel switching mechanism
)
*************************************
* Local config file bblopts.cfg used
*
("D:\MiKTeX 2.9\tex/latex/arabi\bblopts.cfg"
File: bblopts.cfg 2005/09/08 v0.1 add Arabic and Farsi to "declared" options of
 babel
)
("D:\MiKTeX 2.9\tex/latex/babel-russian\russianb.ldf"
Language: russian 2017/08/12 1.3j Russian support for the Babel system

("D:\MiKTeX 2.9\tex/generic/babel\babel.def"
File: babel.def 2020/02/28 3.41 Babel common definitions
\babel@savecnt=\count175
\U@D=\dimen135

("D:\MiKTeX 2.9\tex/generic/babel\txtbabel.def")
\bbl@readstream=\read2
\bbl@dirlevel=\count176
)

Package babel Warning: No Cyrillic font encoding has been loaded so far.
(babel)                A font encoding should be declared before babel.
(babel)                Default `T2A' encoding will be loaded  on input line 74.


("D:\MiKTeX 2.9\tex/latex/cyrillic\t2aenc.def"
File: t2aenc.def 2005/09/27 v1.0i Cyrillic encoding definition file
Now handling font encoding T2A ...
... processing UTF-8 mapping file for font encoding T2A

("D:\MiKTeX 2.9\tex/latex/base\t2aenc.dfu"
File: t2aenc.dfu 2019/11/14 v1.2k UTF-8 support for inputenc
   defining Unicode char U+00A4 (decimal 164)
   defining Unicode char U+00A7 (decimal 167)
   defining Unicode char U+00AB (decimal 171)
   defining Unicode char U+00BB (decimal 187)
   defining Unicode char U+0131 (decimal 305)
   defining Unicode char U+0237 (decimal 567)
   defining Unicode char U+0400 (decimal 1024)
   defining Unicode char U+0401 (decimal 1025)
   defining Unicode char U+0402 (decimal 1026)
   defining Unicode char U+0403 (decimal 1027)
   defining Unicode char U+0404 (decimal 1028)
   defining Unicode char U+0405 (decimal 1029)
   defining Unicode char U+0406 (decimal 1030)
   defining Unicode char U+0407 (decimal 1031)
   defining Unicode char U+0408 (decimal 1032)
   defining Unicode char U+0409 (decimal 1033)
   defining Unicode char U+040A (decimal 1034)
   defining Unicode char U+040B (decimal 1035)
   defining Unicode char U+040C (decimal 1036)
   defining Unicode char U+040D (decimal 1037)
   defining Unicode char U+040E (decimal 1038)
   defining Unicode char U+040F (decimal 1039)
   defining Unicode char U+0410 (decimal 1040)
   defining Unicode char U+0411 (decimal 1041)
   defining Unicode char U+0412 (decimal 1042)
   defining Unicode char U+0413 (decimal 1043)
   defining Unicode char U+0414 (decimal 1044)
   defining Unicode char U+0415 (decimal 1045)
   defining Unicode char U+0416 (decimal 1046)
   defining Unicode char U+0417 (decimal 1047)
   defining Unicode char U+0418 (decimal 1048)
   defining Unicode char U+0419 (decimal 1049)
   defining Unicode char U+041A (decimal 1050)
   defining Unicode char U+041B (decimal 1051)
   defining Unicode char U+041C (decimal 1052)
   defining Unicode char U+041D (decimal 1053)
   defining Unicode char U+041E (decimal 1054)
   defining Unicode char U+041F (decimal 1055)
   defining Unicode char U+0420 (decimal 1056)
   defining Unicode char U+0421 (decimal 1057)
   defining Unicode char U+0422 (decimal 1058)
   defining Unicode char U+0423 (decimal 1059)
   defining Unicode char U+0424 (decimal 1060)
   defining Unicode char U+0425 (decimal 1061)
   defining Unicode char U+0426 (decimal 1062)
   defining Unicode char U+0427 (decimal 1063)
   defining Unicode char U+0428 (decimal 1064)
   defining Unicode char U+0429 (decimal 1065)
   defining Unicode char U+042A (decimal 1066)
   defining Unicode char U+042B (decimal 1067)
   defining Unicode char U+042C (decimal 1068)
   defining Unicode char U+042D (decimal 1069)
   defining Unicode char U+042E (decimal 1070)
   defining Unicode char U+042F (decimal 1071)
   defining Unicode char U+0430 (decimal 1072)
   defining Unicode char U+0431 (decimal 1073)
   defining Unicode char U+0432 (decimal 1074)
   defining Unicode char U+0433 (decimal 1075)
   defining Unicode char U+0434 (decimal 1076)
   defining Unicode char U+0435 (decimal 1077)
   defining Unicode char U+0436 (decimal 1078)
   defining Unicode char U+0437 (decimal 1079)
   defining Unicode char U+0438 (decimal 1080)
   defining Unicode char U+0439 (decimal 1081)
   defining Unicode char U+043A (decimal 1082)
   defining Unicode char U+043B (decimal 1083)
   defining Unicode char U+043C (decimal 1084)
   defining Unicode char U+043D (decimal 1085)
   defining Unicode char U+043E (decimal 1086)
   defining Unicode char U+043F (decimal 1087)
   defining Unicode char U+0440 (decimal 1088)
   defining Unicode char U+0441 (decimal 1089)
   defining Unicode char U+0442 (decimal 1090)
   defining Unicode char U+0443 (decimal 1091)
   defining Unicode char U+0444 (decimal 1092)
   defining Unicode char U+0445 (decimal 1093)
   defining Unicode char U+0446 (decimal 1094)
   defining Unicode char U+0447 (decimal 1095)
   defining Unicode char U+0448 (decimal 1096)
   defining Unicode char U+0449 (decimal 1097)
   defining Unicode char U+044A (decimal 1098)
   defining Unicode char U+044B (decimal 1099)
   defining Unicode char U+044C (decimal 1100)
   defining Unicode char U+044D (decimal 1101)
   defining Unicode char U+044E (decimal 1102)
   defining Unicode char U+044F (decimal 1103)
   defining Unicode char U+0450 (decimal 1104)
   defining Unicode char U+0451 (decimal 1105)
   defining Unicode char U+0452 (decimal 1106)
   defining Unicode char U+0453 (decimal 1107)
   defining Unicode char U+0454 (decimal 1108)
   defining Unicode char U+0455 (decimal 1109)
   defining Unicode char U+0456 (decimal 1110)
   defining Unicode char U+0457 (decimal 1111)
   defining Unicode char U+0458 (decimal 1112)
   defining Unicode char U+0459 (decimal 1113)
   defining Unicode char U+045A (decimal 1114)
   defining Unicode char U+045B (decimal 1115)
   defining Unicode char U+045C (decimal 1116)
   defining Unicode char U+045D (decimal 1117)
   defining Unicode char U+045E (decimal 1118)
   defining Unicode char U+045F (decimal 1119)
   defining Unicode char U+0490 (decimal 1168)
   defining Unicode char U+0491 (decimal 1169)
   defining Unicode char U+0492 (decimal 1170)
   defining Unicode char U+0493 (decimal 1171)
   defining Unicode char U+0496 (decimal 1174)
   defining Unicode char U+0497 (decimal 1175)
   defining Unicode char U+0498 (decimal 1176)
   defining Unicode char U+0499 (decimal 1177)
   defining Unicode char U+049A (decimal 1178)
   defining Unicode char U+049B (decimal 1179)
   defining Unicode char U+049C (decimal 1180)
   defining Unicode char U+049D (decimal 1181)
   defining Unicode char U+04A0 (decimal 1184)
   defining Unicode char U+04A1 (decimal 1185)
   defining Unicode char U+04A2 (decimal 1186)
   defining Unicode char U+04A3 (decimal 1187)
   defining Unicode char U+04A4 (decimal 1188)
   defining Unicode char U+04A5 (decimal 1189)
   defining Unicode char U+04AA (decimal 1194)
   defining Unicode char U+04AB (decimal 1195)
   defining Unicode char U+04AE (decimal 1198)
   defining Unicode char U+04AF (decimal 1199)
   defining Unicode char U+04B0 (decimal 1200)
   defining Unicode char U+04B1 (decimal 1201)
   defining Unicode char U+04B2 (decimal 1202)
   defining Unicode char U+04B3 (decimal 1203)
   defining Unicode char U+04B6 (decimal 1206)
   defining Unicode char U+04B7 (decimal 1207)
   defining Unicode char U+04B8 (decimal 1208)
   defining Unicode char U+04B9 (decimal 1209)
   defining Unicode char U+04BA (decimal 1210)
   defining Unicode char U+04BB (decimal 1211)
   defining Unicode char U+04C0 (decimal 1216)
   defining Unicode char U+04C1 (decimal 1217)
   defining Unicode char U+04C2 (decimal 1218)
   defining Unicode char U+04D0 (decimal 1232)
   defining Unicode char U+04D1 (decimal 1233)
   defining Unicode char U+04D2 (decimal 1234)
   defining Unicode char U+04D3 (decimal 1235)
   defining Unicode char U+04D4 (decimal 1236)
   defining Unicode char U+04D5 (decimal 1237)
   defining Unicode char U+04D6 (decimal 1238)
   defining Unicode char U+04D7 (decimal 1239)
   defining Unicode char U+04D8 (decimal 1240)
   defining Unicode char U+04D9 (decimal 1241)
   defining Unicode char U+04DA (decimal 1242)
   defining Unicode char U+04DB (decimal 1243)
   defining Unicode char U+04DC (decimal 1244)
   defining Unicode char U+04DD (decimal 1245)
   defining Unicode char U+04DE (decimal 1246)
   defining Unicode char U+04DF (decimal 1247)
   defining Unicode char U+04E2 (decimal 1250)
   defining Unicode char U+04E3 (decimal 1251)
   defining Unicode char U+04E4 (decimal 1252)
   defining Unicode char U+04E5 (decimal 1253)
   defining Unicode char U+04E6 (decimal 1254)
   defining Unicode char U+04E7 (decimal 1255)
   defining Unicode char U+04E8 (decimal 1256)
   defining Unicode char U+04E9 (decimal 1257)
   defining Unicode char U+04EC (decimal 1260)
   defining Unicode char U+04ED (decimal 1261)
   defining Unicode char U+04EE (decimal 1262)
   defining Unicode char U+04EF (decimal 1263)
   defining Unicode char U+04F0 (decimal 1264)
   defining Unicode char U+04F1 (decimal 1265)
   defining Unicode char U+04F2 (decimal 1266)
   defining Unicode char U+04F3 (decimal 1267)
   defining Unicode char U+04F4 (decimal 1268)
   defining Unicode char U+04F5 (decimal 1269)
   defining Unicode char U+04F8 (decimal 1272)
   defining Unicode char U+04F9 (decimal 1273)
   defining Unicode char U+200C (decimal 8204)
   defining Unicode char U+2013 (decimal 8211)
   defining Unicode char U+2014 (decimal 8212)
   defining Unicode char U+2018 (decimal 8216)
   defining Unicode char U+2019 (decimal 8217)
   defining Unicode char U+201C (decimal 8220)
   defining Unicode char U+201D (decimal 8221)
   defining Unicode char U+201E (decimal 8222)
   defining Unicode char U+2030 (decimal 8240)
   defining Unicode char U+2031 (decimal 8241)
   defining Unicode char U+2116 (decimal 8470)
   defining Unicode char U+2329 (decimal 9001)
   defining Unicode char U+232A (decimal 9002)
   defining Unicode char U+2423 (decimal 9251)
   defining Unicode char U+27E8 (decimal 10216)
   defining Unicode char U+27E9 (decimal 10217)
   defining Unicode char U+FB00 (decimal 64256)
   defining Unicode char U+FB01 (decimal 64257)
   defining Unicode char U+FB02 (decimal 64258)
   defining Unicode char U+FB03 (decimal 64259)
   defining Unicode char U+FB04 (decimal 64260)
   defining Unicode char U+FB05 (decimal 64261)
   defining Unicode char U+FB06 (decimal 64262)
))
Package babel Info: Making " an active character on input line 120.
Package babel Info: Default for \cyrdash is provided on input line 157.
))
("D:\MiKTeX 2.9\tex/latex/mnsymbol\MnSymbol.sty"
Package: MnSymbol 2007/01/21 v1.4 support for the MnSymbol font

("D:\MiKTeX 2.9\tex/latex/amsmath\amsmath.sty"
Package: amsmath 2020/01/20 v2.17e AMS math features
\@mathmargin=\skip58

For additional information on amsmath, use the `?' option.
("D:\MiKTeX 2.9\tex/latex/amsmath\amstext.sty"
Package: amstext 2000/06/29 v2.01 AMS text

("D:\MiKTeX 2.9\tex/latex/amsmath\amsgen.sty"
File: amsgen.sty 1999/11/30 v2.0 generic functions
\@emptytoks=\toks18
\ex@=\dimen136
))
("D:\MiKTeX 2.9\tex/latex/amsmath\amsbsy.sty"
Package: amsbsy 1999/11/29 v1.2d Bold Symbols
\pmbraise@=\dimen137
)
("D:\MiKTeX 2.9\tex/latex/amsmath\amsopn.sty"
Package: amsopn 2016/03/08 v2.02 operator names
)
\inf@bad=\count177
LaTeX Info: Redefining \frac on input line 227.
\uproot@=\count178
\leftroot@=\count179
LaTeX Info: Redefining \overline on input line 389.
\classnum@=\count180
\DOTSCASE@=\count181
LaTeX Info: Redefining \ldots on input line 486.
LaTeX Info: Redefining \dots on input line 489.
LaTeX Info: Redefining \cdots on input line 610.
\Mathstrutbox@=\box45
\strutbox@=\box46
\big@size=\dimen138
LaTeX Font Info:    Redeclaring font encoding OML on input line 733.
LaTeX Font Info:    Redeclaring font encoding OMS on input line 734.
\macc@depth=\count182
\c@MaxMatrixCols=\count183
\dotsspace@=\muskip16
\c@parentequation=\count184
\dspbrk@lvl=\count185
\tag@help=\toks19
\row@=\count186
\column@=\count187
\maxfields@=\count188
\andhelp@=\toks20
\eqnshift@=\dimen139
\alignsep@=\dimen140
\tagshift@=\dimen141
\tagwidth@=\dimen142
\totwidth@=\dimen143
\lineht@=\dimen144
\@envbody=\toks21
\multlinegap=\skip59
\multlinetaggap=\skip60
\mathdisplay@stack=\toks22
LaTeX Info: Redefining \[ on input line 2859.
LaTeX Info: Redefining \] on input line 2860.
)
("D:\MiKTeX 2.9\tex/latex/base\textcomp.sty"
Package: textcomp 2020/02/02 v2.0n Standard LaTeX package
)
LaTeX Info: Redefining \dagger on input line 84.
LaTeX Info: Redefining \ddagger on input line 84.
LaTeX Info: Redefining \mathparagraph on input line 84.
LaTeX Info: Redefining \mathsection on input line 84.
LaTeX Info: Redefining \mathdollar on input line 84.
LaTeX Info: Redefining \mathsterling on input line 84.
LaTeX Info: Redefining \yen on input line 84.
LaTeX Info: Redefining \circledR on input line 84.
LaTeX Info: Redefining \circledS on input line 84.
LaTeX Info: Redefining \Re on input line 84.
LaTeX Info: Redefining \Im on input line 84.
LaTeX Info: Redefining \dotplus on input line 84.
LaTeX Info: Redefining \thicksim on input line 84.
LaTeX Info: Redefining \thickapprox on input line 84.
LaTeX Info: Redefining \veebar on input line 84.
LaTeX Info: Redefining \barwedge on input line 84.
LaTeX Info: Redefining \doublebarwedge on input line 84.
LaTeX Info: Redefining \centerdot on input line 84.
LaTeX Info: Redefining \divideontimes on input line 84.
\symMnSyA=\mathgroup8
\symMnSyB=\mathgroup9
\symMnSyC=\mathgroup10
\symMnSyD=\mathgroup11
LaTeX Font Info:    Redeclaring symbol font `largesymbols' on input line 119.
LaTeX Font Info:    Overwriting symbol font `largesymbols' in version `normal'
(Font)                  OMX/cmex/m/n --> OMX/MnSymbolE/m/n on input line 119.
LaTeX Font Info:    Overwriting symbol font `largesymbols' in version `bold'
(Font)                  OMX/cmex/m/n --> OMX/MnSymbolE/m/n on input line 119.
LaTeX Font Info:    Redeclaring symbol font `symbols' on input line 120.
LaTeX Font Info:    Encoding `OMS' has changed to `U' for symbol font
(Font)              `symbols' in the math version `normal' on input line 120.
LaTeX Font Info:    Overwriting symbol font `symbols' in version `normal'
(Font)                  OMS/cmsy/m/n --> U/MnSymbolF/m/n on input line 120.
LaTeX Font Info:    Encoding `OMS' has changed to `U' for symbol font
(Font)              `symbols' in the math version `bold' on input line 120.
LaTeX Font Info:    Overwriting symbol font `symbols' in version `bold'
(Font)                  OMS/cmsy/b/n --> U/MnSymbolF/m/n on input line 120.
LaTeX Font Info:    Overwriting symbol font `MnSyA' in version `bold'
(Font)                  U/MnSymbolA/m/n --> U/MnSymbolA/b/n on input line 121.
LaTeX Font Info:    Overwriting symbol font `MnSyB' in version `bold'
(Font)                  U/MnSymbolB/m/n --> U/MnSymbolB/b/n on input line 122.
LaTeX Font Info:    Overwriting symbol font `MnSyC' in version `bold'
(Font)                  U/MnSymbolC/m/n --> U/MnSymbolC/b/n on input line 123.
LaTeX Font Info:    Overwriting symbol font `MnSyD' in version `bold'
(Font)                  U/MnSymbolD/m/n --> U/MnSymbolD/b/n on input line 124.
LaTeX Font Info:    Overwriting symbol font `largesymbols' in version `bold'
(Font)                  OMX/MnSymbolE/m/n --> OMX/MnSymbolE/b/n on input line 1
25.
LaTeX Font Info:    Overwriting symbol font `symbols' in version `bold'
(Font)                  U/MnSymbolF/m/n --> U/MnSymbolF/b/n on input line 126.
LaTeX Font Info:    Redeclaring math alphabet \mathcal on input line 241.
LaTeX Font Info:    Overwriting math alphabet `\mathcal' in version `bold'
(Font)                  OMS/MnSymbolS/m/n --> OMS/MnSymbolS/b/n on input line 2
41.
LaTeX Info: Redefining \longrightarrow on input line 548.
LaTeX Info: Redefining \longleftarrow on input line 549.
LaTeX Info: Redefining \longleftrightarrow on input line 550.
LaTeX Info: Redefining \Longrightarrow on input line 551.
LaTeX Info: Redefining \Longleftarrow on input line 552.
LaTeX Info: Redefining \Longleftrightarrow on input line 553.
LaTeX Info: Redefining \longmapsto on input line 554.
LaTeX Info: Redefining \vdots on input line 868.
LaTeX Font Info:    Redeclaring math symbol \braceld on input line 1721.
LaTeX Font Info:    Redeclaring math symbol \bracelu on input line 1722.
LaTeX Font Info:    Redeclaring math symbol \bracerd on input line 1723.
LaTeX Font Info:    Redeclaring math symbol \braceru on input line 1724.
LaTeX Info: Redefining \downbracefill on input line 1799.
LaTeX Info: Redefining \upbracefill on input line 1800.
LaTeX Info: Redefining \overbrace on input line 1819.
LaTeX Info: Redefining \underbrace on input line 1820.
LaTeX Info: Redefining \surd on input line 1843.
LaTeX Font Info:    Redeclaring math accent \widehat on input line 1845.
LaTeX Font Info:    Redeclaring math accent \widetilde on input line 1846.
LaTeX Font Info:    Redeclaring math accent \vec on input line 1848.
)
("D:\MiKTeX 2.9\tex/latex/amscls\amsthm.sty"
Package: amsthm 2017/10/31 v2.20.4
\thm@style=\toks23
\thm@bodyfont=\toks24
\thm@headfont=\toks25
\thm@notefont=\toks26
\thm@headpunct=\toks27
\thm@preskip=\skip61
\thm@postskip=\skip62
\thm@headsep=\skip63
\dth@everypar=\toks28
)
("D:\MiKTeX 2.9\tex/latex/tools\indentfirst.sty"
Package: indentfirst 1995/11/23 v1.03 Indent first paragraph (DPC)
)
("D:\MiKTeX 2.9\tex/latex/graphics\graphicx.sty"
Package: graphicx 2019/11/30 v1.2a Enhanced LaTeX Graphics (DPC,SPQR)

("D:\MiKTeX 2.9\tex/latex/graphics\keyval.sty"
Package: keyval 2014/10/28 v1.15 key=value parser (DPC)
\KV@toks@=\toks29
)
("D:\MiKTeX 2.9\tex/latex/graphics\graphics.sty"
Package: graphics 2019/11/30 v1.4a Standard LaTeX Graphics (DPC,SPQR)

("D:\MiKTeX 2.9\tex/latex/graphics\trig.sty"
Package: trig 2016/01/03 v1.10 sin cos tan (DPC)
)
("D:\MiKTeX 2.9\tex/latex/graphics-cfg\graphics.cfg"
File: graphics.cfg 2016/06/04 v1.11 sample graphics configuration
)
Package graphics Info: Driver file: pdftex.def on input line 105.

("D:\MiKTeX 2.9\tex/latex/graphics-def\pdftex.def"
File: pdftex.def 2018/01/08 v1.0l Graphics/color driver for pdftex
))
\Gin@req@height=\dimen145
\Gin@req@width=\dimen146
)
("D:\MiKTeX 2.9\tex/latex/tools\verbatim.sty"
Package: verbatim 2019/11/10 v1.5r LaTeX2e package for verbatim enhancements
\every@verbatim=\toks30
\verbatim@line=\toks31
\verbatim@in@stream=\read3
)
("D:\MiKTeX 2.9\tex/latex/graphics\color.sty"
Package: color 2019/11/23 v1.2a Standard LaTeX Color (DPC)

("D:\MiKTeX 2.9\tex/latex/graphics-cfg\color.cfg"
File: color.cfg 2016/01/02 v1.6 sample color configuration
)
Package color Info: Driver file: pdftex.def on input line 147.
)
("D:\MiKTeX 2.9\tex/latex/tocbibind\tocbibind.sty"
Package: tocbibind 2010/10/13 v1.5k extra ToC listings
Package tocbibind Info: The document has section divisions on input line 50.


Package tocbibind Note: Using section or other style headings.

) ("D:\MiKTeX 2.9\tex/latex/float\float.sty"
Package: float 2001/11/08 v1.3d Float enhancements (AL)
\c@float@type=\count189
\float@exts=\toks32
\float@box=\box47
\@float@everytoks=\toks33
\@floatcapt=\box48
)
("D:\MiKTeX 2.9\tex/latex/listings\listings.sty"
\lst@mode=\count190
\lst@gtempboxa=\box49
\lst@token=\toks34
\lst@length=\count191
\lst@currlwidth=\dimen147
\lst@column=\count192
\lst@pos=\count193
\lst@lostspace=\dimen148
\lst@width=\dimen149
\lst@newlines=\count194
\lst@lineno=\count195
\lst@maxwidth=\dimen150

("D:\MiKTeX 2.9\tex/latex/listings\lstmisc.sty"
File: lstmisc.sty 2019/09/10 1.8c (Carsten Heinz)
\c@lstnumber=\count196
\lst@skipnumbers=\count197
\lst@framebox=\box50
)
("D:\MiKTeX 2.9\tex/latex/listings\listings.cfg"
File: listings.cfg 2019/09/10 1.8c listings configuration
))
Package: listings 2019/09/10 1.8c (Carsten Heinz)

("D:\MiKTeX 2.9\tex/latex/url\url.sty"
\Urlmuskip=\muskip17
Package: url 2013/09/16  ver 3.4  Verb mode for urls, etc.
)
("D:\MiKTeX 2.9\tex/latex/epigraph\epigraph.sty"
Package: epigraph 2020/01/02 v1.5e typesetting epigraphs

("D:\MiKTeX 2.9\tex/latex/nextpage\nextpage.sty"
Package: nextpage 2009/09/03 v1.1a additional page commands
)
\beforeepigraphskip=\skip64
\afterepigraphskip=\skip65
\epigraphwidth=\skip66
\epigraphrule=\skip67
)
("D:\MiKTeX 2.9\tex/generic/xypic\xy.sty"
("D:\MiKTeX 2.9\tex/generic/xypic\xy.tex" Bootstrap'ing: catcodes, docmode,
("D:\MiKTeX 2.9\tex/generic/xypic\xyrecat.tex")
("D:\MiKTeX 2.9\tex/generic/xypic\xyidioms.tex")

 Xy-pic version 3.8.9 <2013/10/06>
 Copyright (c) 1991-2013 by Kristoffer H. Rose <krisrose@tug.org> and others
 Xy-pic is free software: see the User's Guide for details.

Loading kernel: messages; fonts; allocations: state,
\X@c=\dimen151
\Y@c=\dimen152
\U@c=\dimen153
\D@c=\dimen154
\L@c=\dimen155
\R@c=\dimen156
\Edge@c=\toks35
\X@p=\dimen157
\Y@p=\dimen158
\U@p=\dimen159
\D@p=\dimen160
\L@p=\dimen161
\R@p=\dimen162
\Edge@p=\toks36
\X@origin=\dimen163
\Y@origin=\dimen164
\X@xbase=\dimen165
\Y@xbase=\dimen166
\X@ybase=\dimen167
\Y@ybase=\dimen168
\X@min=\dimen169
\Y@min=\dimen170
\X@max=\dimen171
\Y@max=\dimen172
\lastobjectbox@=\box51
\zerodotbox@=\box52
\almostz@=\dimen173
 direction,
\d@X=\dimen174
\d@Y=\dimen175
\K@=\count198
\KK@=\count199
\Direction=\count266
\K@dXdY=\dimen176
\K@dYdX=\dimen177
\xyread@=\read4
\xywrite@=\write3
\csp@=\count267
\quotPTK@=\dimen178

utility macros; pictures: \xy, positions,
\swaptoks@@=\toks37
\connectobjectbox@@=\box53
 objects,
\styletoks@=\toks38
 decorations;
kernel objects: directionals, circles, text; options; algorithms: directions,
edges, connections;  Xy-pic loaded) ("D:\MiKTeX 2.9\tex/generic/iftex\ifpdf.sty
"
Package: ifpdf 2019/10/25 v3.4 ifpdf legacy package. Use iftex instead.
 ("D:\MiKTeX 2.9\tex/generic/iftex\iftex.sty"
Package: iftex 2020/03/06 v1.0d TeX engine tests
))
Package: xy 2013/10/06 Xy-pic version 3.8.9

("D:\MiKTeX 2.9\tex/generic/xypic\xyall.tex"
 Xy-pic option: All features v.3.8 ("D:\MiKTeX 2.9\tex/generic/xypic\xycurve.te
x"  Xy-pic option: Curve and Spline extension v.3.12 curve,
\crv@cnt@=\count268
\crvpts@=\toks39
\splinebox@=\box54
\splineval@=\dimen179
\splinedepth@=\dimen180
\splinetol@=\dimen181
\splinelength@=\dimen182
 circles,
\L@=\dimen183
 loaded)
("D:\MiKTeX 2.9\tex/generic/xypic\xyframe.tex"
 Xy-pic option: Frame and Bracket extension v.3.14 loaded)
("D:\MiKTeX 2.9\tex/generic/xypic\xycmtip.tex"
 Xy-pic option: Computer Modern tip extension v.3.7
("D:\MiKTeX 2.9\tex/generic/xypic\xytips.tex"
 Xy-pic option: More Tips extension v.3.11 loaded) loaded)
("D:\MiKTeX 2.9\tex/generic/xypic\xyline.tex"
 Xy-pic option: Line styles extension v.3.10
\xylinethick@=\dimen184
 loaded)
("D:\MiKTeX 2.9\tex/generic/xypic\xyrotate.tex"
 Xy-pic option: Rotate and Scale extension v.3.8 loaded)
("D:\MiKTeX 2.9\tex/generic/xypic\xycolor.tex"
 Xy-pic option: Colour extension v.3.11 loaded)
("D:\MiKTeX 2.9\tex/generic/xypic\xymatrix.tex"
 Xy-pic option: Matrix feature v.3.14
\Row=\count269
\Col=\count270
\queue@=\toks40
\queue@@=\toks41
\qcount@=\count271
\qcount@@=\count272
\matrixsize@=\count273
 loaded)
("D:\MiKTeX 2.9\tex/generic/xypic\xyarrow.tex"
 Xy-pic option: Arrow and Path feature v.3.9 path, \ar, loaded)
("D:\MiKTeX 2.9\tex/generic/xypic\xygraph.tex"
 Xy-pic option: Graph feature v.3.11 loaded) loaded)
("D:\MiKTeX 2.9\tex/generic/xypic\xypdf.tex"  Xy-pic option: PDF driver v.1.7
Xy-pic pdf driver: `color' extension support
("D:\MiKTeX 2.9\tex/generic/xypic\xypdf-co.tex" loaded)
Xy-pic pdf driver: `curve' extension support
("D:\MiKTeX 2.9\tex/generic/xypic\xypdf-cu.tex" loaded)
Xy-pic pdf driver: `frame' extension support
("D:\MiKTeX 2.9\tex/generic/xypic\xypdf-fr.tex" loaded)
Xy-pic pdf driver: `line' extension support
("D:\MiKTeX 2.9\tex/generic/xypic\xypdf-li.tex" loaded)
Xy-pic pdf driver: `rotate' extension support
("D:\MiKTeX 2.9\tex/generic/xypic\xypdf-ro.tex" loaded) loaded))
("D:\MiKTeX 2.9\tex/latex/amsmath\amscd.sty"
Package: amscd 2017/04/14 v2.1 AMS Commutative Diagrams
\athelp@=\toks42
\minaw@=\dimen185
\bigaw@=\dimen186
\minCDarrowwidth=\dimen187
)
\c@Lemma=\count274
\c@Proposition=\count275
\c@Theorem=\count276
\c@Corollary=\count277
\c@Remark=\count278
\c@Definition=\count279
\c@Designations=\count280

("D:\MiKTeX 2.9\tex/latex/tocloft\tocloft.sty"
Package: tocloft 2017/08/31 v2.3i parameterised ToC, etc., typesetting
Package tocloft Info: The document has section divisions on input line 51.
\cftparskip=\skip68
\cftbeforetoctitleskip=\skip69
\cftaftertoctitleskip=\skip70
\cftbeforepartskip=\skip71
\cftpartnumwidth=\skip72
\cftpartindent=\skip73
\cftbeforesecskip=\skip74
\cftsecindent=\skip75
\cftsecnumwidth=\skip76
\cftbeforesubsecskip=\skip77
\cftsubsecindent=\skip78
\cftsubsecnumwidth=\skip79
\cftbeforesubsubsecskip=\skip80
\cftsubsubsecindent=\skip81
\cftsubsubsecnumwidth=\skip82
\cftbeforeparaskip=\skip83
\cftparaindent=\skip84
\cftparanumwidth=\skip85
\cftbeforesubparaskip=\skip86
\cftsubparaindent=\skip87
\cftsubparanumwidth=\skip88
\cftbeforeloftitleskip=\skip89
\cftafterloftitleskip=\skip90
\cftbeforefigskip=\skip91
\cftfigindent=\skip92
\cftfignumwidth=\skip93
\c@lofdepth=\count281
\c@lotdepth=\count282
\cftbeforelottitleskip=\skip94
\cftafterlottitleskip=\skip95
\cftbeforetabskip=\skip96
\cfttabindent=\skip97
\cfttabnumwidth=\skip98
)
("D:\MiKTeX 2.9\tex/latex/xcolor\xcolor.sty"
Package: xcolor 2016/05/11 v2.12 LaTeX color extensions (UK)

("D:\MiKTeX 2.9\tex/latex/graphics-cfg\color.cfg"
File: color.cfg 2016/01/02 v1.6 sample color configuration
)
Package xcolor Info: Driver file: pdftex.def on input line 225.
LaTeX Info: Redefining \color on input line 709.
Package xcolor Info: Model `cmy' substituted by `cmy0' on input line 1348.
Package xcolor Info: Model `hsb' substituted by `rgb' on input line 1352.
Package xcolor Info: Model `RGB' extended on input line 1364.
Package xcolor Info: Model `HTML' substituted by `rgb' on input line 1366.
Package xcolor Info: Model `Hsb' substituted by `hsb' on input line 1367.
Package xcolor Info: Model `tHsb' substituted by `hsb' on input line 1368.
Package xcolor Info: Model `HSB' substituted by `hsb' on input line 1369.
Package xcolor Info: Model `Gray' substituted by `gray' on input line 1370.
Package xcolor Info: Model `wave' substituted by `hsb' on input line 1371.
)
("D:\MiKTeX 2.9\tex/latex/hyperref\hyperref.sty"
Package: hyperref 2020/01/14 v7.00d Hypertext links for LaTeX

("D:\MiKTeX 2.9\tex/generic/ltxcmds\ltxcmds.sty"
Package: ltxcmds 2019/12/15 v1.24 LaTeX kernel commands for general use (HO)
)
("D:\MiKTeX 2.9\tex/latex/pdftexcmds\pdftexcmds.sty"
Package: pdftexcmds 2019/11/24 v0.31 Utility functions of pdfTeX for LuaTeX (HO
)

("D:\MiKTeX 2.9\tex/generic/infwarerr\infwarerr.sty"
Package: infwarerr 2019/12/03 v1.5 Providing info/warning/error messages (HO)
)
Package pdftexcmds Info: \pdf@primitive is available.
Package pdftexcmds Info: \pdf@ifprimitive is available.
Package pdftexcmds Info: \pdfdraftmode found.
)
("D:\MiKTeX 2.9\tex/generic/kvsetkeys\kvsetkeys.sty"
Package: kvsetkeys 2019/12/15 v1.18 Key value parser (HO)
)
("D:\MiKTeX 2.9\tex/generic/kvdefinekeys\kvdefinekeys.sty"
Package: kvdefinekeys 2019-12-19 v1.6 Define keys (HO)
)
("D:\MiKTeX 2.9\tex/generic/pdfescape\pdfescape.sty"
Package: pdfescape 2019/12/09 v1.15 Implements pdfTeX's escape features (HO)
)
("D:\MiKTeX 2.9\tex/latex/hycolor\hycolor.sty"
Package: hycolor 2020-01-27 v1.10 Color options for hyperref/bookmark (HO)
)
("D:\MiKTeX 2.9\tex/latex/letltxmacro\letltxmacro.sty"
Package: letltxmacro 2019/12/03 v1.6 Let assignment for LaTeX macros (HO)
)
("D:\MiKTeX 2.9\tex/latex/auxhook\auxhook.sty"
Package: auxhook 2019-12-17 v1.6 Hooks for auxiliary files (HO)
)
("D:\MiKTeX 2.9\tex/latex/kvoptions\kvoptions.sty"
Package: kvoptions 2019/11/29 v3.13 Key value format for package options (HO)
)
\@linkdim=\dimen188
\Hy@linkcounter=\count283
\Hy@pagecounter=\count284

("D:\MiKTeX 2.9\tex/latex/hyperref\pd1enc.def"
File: pd1enc.def 2020/01/14 v7.00d Hyperref: PDFDocEncoding definition (HO)
Now handling font encoding PD1 ...
... no UTF-8 mapping file for font encoding PD1
)
("D:\MiKTeX 2.9\tex/generic/intcalc\intcalc.sty"
Package: intcalc 2019/12/15 v1.3 Expandable calculations with integers (HO)
)
("D:\MiKTeX 2.9\tex/generic/etexcmds\etexcmds.sty"
Package: etexcmds 2019/12/15 v1.7 Avoid name clashes with e-TeX commands (HO)
)
\Hy@SavedSpaceFactor=\count285
Package hyperref Info: Option `unicode' set `true' on input line 3502.

("D:\MiKTeX 2.9\tex/latex/hyperref\puenc.def"
File: puenc.def 2020/01/14 v7.00d Hyperref: PDF Unicode definition (HO)
Now handling font encoding PU ...
... no UTF-8 mapping file for font encoding PU
)
Package hyperref Info: Hyper figures OFF on input line 4547.
Package hyperref Info: Link nesting OFF on input line 4552.
Package hyperref Info: Hyper index ON on input line 4555.
Package hyperref Info: Plain pages OFF on input line 4562.
Package hyperref Info: Backreferencing OFF on input line 4567.
Package hyperref Info: Implicit mode ON; LaTeX internals redefined.
Package hyperref Info: Bookmarks ON on input line 4800.
\c@Hy@tempcnt=\count286
LaTeX Info: Redefining \url on input line 5159.
\XeTeXLinkMargin=\dimen189

("D:\MiKTeX 2.9\tex/generic/bitset\bitset.sty"
Package: bitset 2019/12/09 v1.3 Handle bit-vector datatype (HO)

("D:\MiKTeX 2.9\tex/generic/bigintcalc\bigintcalc.sty"
Package: bigintcalc 2019/12/15 v1.5 Expandable calculations on big integers (HO
)
))
\Fld@menulength=\count287
\Field@Width=\dimen190
\Fld@charsize=\dimen191
Package hyperref Info: Hyper figures OFF on input line 6430.
Package hyperref Info: Link nesting OFF on input line 6435.
Package hyperref Info: Hyper index ON on input line 6438.
Package hyperref Info: backreferencing OFF on input line 6445.
Package hyperref Info: Link coloring OFF on input line 6450.
Package hyperref Info: Link coloring with OCG OFF on input line 6455.
Package hyperref Info: PDF/A mode OFF on input line 6460.
LaTeX Info: Redefining \ref on input line 6500.
LaTeX Info: Redefining \pageref on input line 6504.

("D:\MiKTeX 2.9\tex/generic/atbegshi\atbegshi.sty"
Package: atbegshi 2019/12/05 v1.19 At begin shipout hook (HO)
)
\Hy@abspage=\count288
\c@Item=\count289
\c@Hfootnote=\count290
)
Package hyperref Info: Driver (autodetected): hpdftex.

("D:\MiKTeX 2.9\tex/latex/hyperref\hpdftex.def"
File: hpdftex.def 2020/01/14 v7.00d Hyperref driver for pdfTeX

("D:\MiKTeX 2.9\tex/latex/atveryend\atveryend.sty"
Package: atveryend 2019-12-11 v1.11 Hooks at the very end of document (HO)
Package atveryend Info: \enddocument detected (standard20110627).
)
\Fld@listcount=\count291
\c@bookmark@seq@number=\count292

("D:\MiKTeX 2.9\tex/latex/rerunfilecheck\rerunfilecheck.sty"
Package: rerunfilecheck 2019/12/05 v1.9 Rerun checks for auxiliary files (HO)

("D:\MiKTeX 2.9\tex/generic/uniquecounter\uniquecounter.sty"
Package: uniquecounter 2019/12/15 v1.4 Provide unlimited unique counter (HO)
)
Package uniquecounter Info: New unique counter `rerunfilecheck' on input line 2
86.
)
\Hy@SectionHShift=\skip99
)
Package hyperref Info: Option `colorlinks' set `true' on input line 164.

("D:\MiKTeX 2.9\tex/latex/l3backend\l3backend-pdfmode.def"
File: l3backend-pdfmode.def 2020-03-12 L3 backend support: PDF mode
\l__kernel_color_stack_int=\count293
\l__pdf_internal_box=\box55
)

LaTeX Warning: Unused global option(s):
    [a4].

(Labs1-4.aux
LaTeX Font Info:    Trying to load font information for T2A+cmr on input line 2
1.
 ("D:\MiKTeX 2.9\tex/latex/cyrillic\t2acmr.fd"
File: t2acmr.fd 2001/08/11 v1.0a Computer Modern Cyrillic font definitions
)

LaTeX Warning: Label `tab:my_label' multiply defined.


LaTeX Warning: Label `med' multiply defined.

)
\openout1 = `Labs1-4.aux'.

LaTeX Font Info:    Checking defaults for OML/cmm/m/it on input line 179.
LaTeX Font Info:    ... okay on input line 179.
LaTeX Font Info:    Checking defaults for OMS/cmsy/m/n on input line 179.
LaTeX Font Info:    ... okay on input line 179.
LaTeX Font Info:    Checking defaults for OT1/cmr/m/n on input line 179.
LaTeX Font Info:    ... okay on input line 179.
LaTeX Font Info:    Checking defaults for T1/cmr/m/n on input line 179.
LaTeX Font Info:    ... okay on input line 179.
LaTeX Font Info:    Checking defaults for TS1/cmr/m/n on input line 179.
LaTeX Font Info:    ... okay on input line 179.
LaTeX Font Info:    Checking defaults for OMX/cmex/m/n on input line 179.
LaTeX Font Info:    ... okay on input line 179.
LaTeX Font Info:    Checking defaults for U/cmr/m/n on input line 179.
LaTeX Font Info:    ... okay on input line 179.
LaTeX Font Info:    Checking defaults for T2A/cmr/m/n on input line 179.
LaTeX Font Info:    ... okay on input line 179.
LaTeX Font Info:    Checking defaults for PD1/pdf/m/n on input line 179.
LaTeX Font Info:    ... okay on input line 179.
LaTeX Font Info:    Checking defaults for PU/pdf/m/n on input line 179.
LaTeX Font Info:    ... okay on input line 179.
 ("D:\MiKTeX 2.9\tex/context/base/mkii\supp-pdf.mkii"
[Loading MPS to PDF converter (version 2006.09.02).]
\scratchcounter=\count294
\scratchdimen=\dimen192
\scratchbox=\box56
\nofMPsegments=\count295
\nofMParguments=\count296
\everyMPshowfont=\toks43
\MPscratchCnt=\count297
\MPscratchDim=\dimen193
\MPnumerator=\count298
\makeMPintoPDFobject=\count299
\everyMPtoPDFconversion=\toks44
) ("D:\MiKTeX 2.9\tex/latex/epstopdf-pkg\epstopdf-base.sty"
Package: epstopdf-base 2020-01-24 v2.11 Base part for package epstopdf
Package epstopdf-base Info: Redefining graphics rule for `.eps' on input line 4
85.
)
\c@lstlisting=\count300
LaTeX Font Info:    Trying to load font information for U+rsfs on input line 17
9.

("D:\MiKTeX 2.9\tex/latex/jknappen\ursfs.fd"
File: ursfs.fd 1998/03/24 rsfs font definition file (jk)
)
LaTeX Font Info:    Trying to load font information for U+msa on input line 179
.

("D:\MiKTeX 2.9\tex/latex/amsfonts\umsa.fd"
File: umsa.fd 2013/01/14 v3.01 AMS symbols A
)
LaTeX Font Info:    Trying to load font information for U+msb on input line 179
.

("D:\MiKTeX 2.9\tex/latex/amsfonts\umsb.fd"
File: umsb.fd 2013/01/14 v3.01 AMS symbols B
)
LaTeX Font Info:    Trying to load font information for U+lasy on input line 17
9.

("D:\MiKTeX 2.9\tex/latex/base\ulasy.fd"
File: ulasy.fd 1998/08/17 v2.2e LaTeX symbol font definitions
)
Package xypdf Info: Line width: 0.44975pt on input line 179.
\AtBeginShipoutBox=\box57
Package hyperref Info: Link coloring ON on input line 179.

("D:\MiKTeX 2.9\tex/latex/hyperref\nameref.sty"
Package: nameref 2019/09/16 v2.46 Cross-referencing by name of section

("D:\MiKTeX 2.9\tex/latex/refcount\refcount.sty"
Package: refcount 2019/12/15 v3.6 Data extraction from label references (HO)
)
("D:\MiKTeX 2.9\tex/generic/gettitlestring\gettitlestring.sty"
Package: gettitlestring 2019/12/15 v1.6 Cleanup title references (HO)
)
\c@section@level=\count301
)
LaTeX Info: Redefining \ref on input line 179.
LaTeX Info: Redefining \pageref on input line 179.
LaTeX Info: Redefining \nameref on input line 179.
 (Labs1-4.out)
(Labs1-4.out)
\@outlinefile=\write4
\openout4 = `Labs1-4.out'.

 [1

{C:/Users/Dmitrii/AppData/Local/MiKTeX/2.9/pdftex/config/pdftex.map}] (Labs1-4.
toc)
\tf@toc=\write5
\openout5 = `Labs1-4.toc'.

 [2] (Labs1-4.lof [3])
\tf@lof=\write6
\openout6 = `Labs1-4.lof'.

 (Labs1-4.lot)
\tf@lot=\write7
\openout7 = `Labs1-4.lot'.

 [4]
Overfull \hbox (11.76407pt too wide) in paragraph at lines 268--270
\T2A/cmr/m/n/10 сле-ду-ю-щие ста-ти-сти-че-ские ха-рак-те-ри-сти-ки по-ло-же-ни
я дан-ных: $[]\OML/cmm/m/it/10 ; medx; Z[]; Z[]; Z[]$\T2A/cmr/m/n/10 .
 []


! Package inputenc Error: Unicode character в€’ (U+2212)
(inputenc)                not set up for use with LaTeX.

See the inputenc package documentation for explanation.
Type  H <return>  for immediate help.
 ...                                              
                                                  
l.273 ...РµРґРµР»РµРЅРёСЏ РЅР° РѕС‚СЂРµР·РєРµ [в€’
                                                  4; 4] РґР»СЏ РЅРµРїСЂРµСЂС...

You may provide a definition with
\DeclareUnicodeCharacter 

[5]
Overfull \hbox (19.49371pt too wide) in paragraph at lines 334--335
\T2A/cmr/m/n/10 бор-ки $\OML/cmm/m/it/10 z[]; z[]; :::; z[]$\T2A/cmr/m/n/10 , р
ас-по-ло-жен-ных в воз-рас-та-ю-щем по-ряд-ке с ука-за-ни-ем ча-стот $\OML/cmm/
m/it/10 n[]; n[]; :::; n[]$\T2A/cmr/m/n/10 ,
 []

[6] [7]
<Lab1_normal.png, id=281, 722.7pt x 578.16pt>
File: Lab1_normal.png Graphic file (type png)
<use Lab1_normal.png>
Package pdftex.def Info: Lab1_normal.png  used on input line 368.
(pdftex.def)             Requested size: 395.58878pt x 316.47159pt.
<Lab1_laplace.png, id=284, 722.7pt x 578.16pt>
File: Lab1_laplace.png Graphic file (type png)
<use Lab1_laplace.png>
Package pdftex.def Info: Lab1_laplace.png  used on input line 375.
(pdftex.def)             Requested size: 395.58878pt x 316.47159pt.
 [8 <./Lab1_normal.png>]
<Lab1_cauchy.png, id=291, 722.7pt x 578.16pt>
File: Lab1_cauchy.png Graphic file (type png)
<use Lab1_cauchy.png>
Package pdftex.def Info: Lab1_cauchy.png  used on input line 382.
(pdftex.def)             Requested size: 395.58878pt x 316.47159pt.
 [9 <./Lab1_laplace.png>]
<Lab1_poisson.png, id=298, 722.7pt x 578.16pt>
File: Lab1_poisson.png Graphic file (type png)
<use Lab1_poisson.png>
Package pdftex.def Info: Lab1_poisson.png  used on input line 389.
(pdftex.def)             Requested size: 395.58878pt x 316.47159pt.
 [10 <./Lab1_cauchy.png>]
<Lab1_uniform.png, id=305, 722.7pt x 578.16pt>
File: Lab1_uniform.png Graphic file (type png)
<use Lab1_uniform.png>
Package pdftex.def Info: Lab1_uniform.png  used on input line 396.
(pdftex.def)             Requested size: 395.58878pt x 316.47159pt.
 [11 <./Lab1_poisson.png>] [12 <./Lab1_uniform.png>] [13]
<Lab3_boxplot_N=20.png, id=322, 722.7pt x 578.16pt>
File: Lab3_boxplot_N=20.png Graphic file (type png)
<use Lab3_boxplot_N=20.png>
Package pdftex.def Info: Lab3_boxplot_N=20.png  used on input line 520.
(pdftex.def)             Requested size: 395.58878pt x 316.47159pt.
<Lab3_boxplot_N=100_normal.png, id=323, 722.7pt x 578.16pt>
File: Lab3_boxplot_N=100_normal.png Graphic file (type png)
<use Lab3_boxplot_N=100_normal.png>
Package pdftex.def Info: Lab3_boxplot_N=100_normal.png  used on input line 525.

(pdftex.def)             Requested size: 395.58878pt x 316.47159pt.
<Lab3_boxplot_N=100_laplace.png, id=324, 722.7pt x 578.16pt>
File: Lab3_boxplot_N=100_laplace.png Graphic file (type png)
<use Lab3_boxplot_N=100_laplace.png>
Package pdftex.def Info: Lab3_boxplot_N=100_laplace.png  used on input line 530
.
(pdftex.def)             Requested size: 395.58878pt x 316.47159pt.
 [14 <./Lab3_boxplot_N=20.png>]
<Lab3_boxplot_N=100_cauchy.png, id=330, 722.7pt x 578.16pt>
File: Lab3_boxplot_N=100_cauchy.png Graphic file (type png)
<use Lab3_boxplot_N=100_cauchy.png>
Package pdftex.def Info: Lab3_boxplot_N=100_cauchy.png  used on input line 535.

(pdftex.def)             Requested size: 395.58878pt x 316.47159pt.
 [15 <./Lab3_boxplot_N=100_normal.png>]
<Lab3_boxplot_N=100_poisson.png, id=336, 722.7pt x 578.16pt>
File: Lab3_boxplot_N=100_poisson.png Graphic file (type png)
<use Lab3_boxplot_N=100_poisson.png>
Package pdftex.def Info: Lab3_boxplot_N=100_poisson.png  used on input line 540
.
(pdftex.def)             Requested size: 395.58878pt x 316.47159pt.
 [16 <./Lab3_boxplot_N=100_laplace.png>]
<Lab3_boxplot_N=100_uniform.png, id=342, 722.7pt x 578.16pt>
File: Lab3_boxplot_N=100_uniform.png Graphic file (type png)
<use Lab3_boxplot_N=100_uniform.png>
Package pdftex.def Info: Lab3_boxplot_N=100_uniform.png  used on input line 545
.
(pdftex.def)             Requested size: 395.58878pt x 316.47159pt.
 [17 <./Lab3_boxplot_N=100_cauchy.png>] [18 <./Lab3_boxplot_N=100_poisson.png>]
 [19 <./Lab3_boxplot_N=100_uniform.png>]
<Lab4_normal_pdf_20.png, id=359, 867.24pt x 578.16pt>
File: Lab4_normal_pdf_20.png Graphic file (type png)
<use Lab4_normal_pdf_20.png>
Package pdftex.def Info: Lab4_normal_pdf_20.png  used on input line 627.
(pdftex.def)             Requested size: 395.58878pt x 263.72485pt.
<Lab4_normal_pdf_60.png, id=360, 867.24pt x 578.16pt>
File: Lab4_normal_pdf_60.png Graphic file (type png)
<use Lab4_normal_pdf_60.png>
Package pdftex.def Info: Lab4_normal_pdf_60.png  used on input line 632.
(pdftex.def)             Requested size: 395.58878pt x 263.72485pt.
<Lab4_normal_pdf_100.png, id=361, 867.24pt x 578.16pt>
File: Lab4_normal_pdf_100.png Graphic file (type png)
<use Lab4_normal_pdf_100.png>
Package pdftex.def Info: Lab4_normal_pdf_100.png  used on input line 637.
(pdftex.def)             Requested size: 395.58878pt x 263.72485pt.
 [20 <./Lab4_normal_pdf_20.png>]
<Lab4_laplace_pdf_20.png, id=367, 867.24pt x 578.16pt>
File: Lab4_laplace_pdf_20.png Graphic file (type png)
<use Lab4_laplace_pdf_20.png>
Package pdftex.def Info: Lab4_laplace_pdf_20.png  used on input line 642.
(pdftex.def)             Requested size: 395.58878pt x 263.72485pt.
<Lab4_laplace_pdf_60.png, id=368, 867.24pt x 578.16pt>
File: Lab4_laplace_pdf_60.png Graphic file (type png)
<use Lab4_laplace_pdf_60.png>
Package pdftex.def Info: Lab4_laplace_pdf_60.png  used on input line 647.
(pdftex.def)             Requested size: 395.58878pt x 263.72485pt.
 [21 <./Lab4_normal_pdf_60.png> <./Lab4_normal_pdf_100.png>]
<Lab4_laplace_pdf_100.png, id=375, 867.24pt x 578.16pt>
File: Lab4_laplace_pdf_100.png Graphic file (type png)
<use Lab4_laplace_pdf_100.png>
Package pdftex.def Info: Lab4_laplace_pdf_100.png  used on input line 652.
(pdftex.def)             Requested size: 395.58878pt x 263.72485pt.
<Lab4_cauchy_pdf_20.png, id=376, 867.24pt x 578.16pt>
File: Lab4_cauchy_pdf_20.png Graphic file (type png)
<use Lab4_cauchy_pdf_20.png>
Package pdftex.def Info: Lab4_cauchy_pdf_20.png  used on input line 657.
(pdftex.def)             Requested size: 395.58878pt x 263.72485pt.
 [22 <./Lab4_laplace_pdf_20.png> <./Lab4_laplace_pdf_60.png>]
<Lab4_cauchy_pdf_60.png, id=383, 867.24pt x 578.16pt>
File: Lab4_cauchy_pdf_60.png Graphic file (type png)
<use Lab4_cauchy_pdf_60.png>
Package pdftex.def Info: Lab4_cauchy_pdf_60.png  used on input line 662.
(pdftex.def)             Requested size: 395.58878pt x 263.72485pt.
<Lab4_cauchy_pdf_100.png, id=384, 867.24pt x 578.16pt>
File: Lab4_cauchy_pdf_100.png Graphic file (type png)
<use Lab4_cauchy_pdf_100.png>
Package pdftex.def Info: Lab4_cauchy_pdf_100.png  used on input line 667.
(pdftex.def)             Requested size: 395.58878pt x 263.72485pt.
 [23 <./Lab4_laplace_pdf_100.png> <./Lab4_cauchy_pdf_20.png>]
<Lab4_poisson_pdf_20.png, id=391, 867.24pt x 578.16pt>
File: Lab4_poisson_pdf_20.png Graphic file (type png)
<use Lab4_poisson_pdf_20.png>
Package pdftex.def Info: Lab4_poisson_pdf_20.png  used on input line 672.
(pdftex.def)             Requested size: 395.58878pt x 263.72485pt.
<Lab4_poisson_pdf_60.png, id=392, 867.24pt x 578.16pt>
File: Lab4_poisson_pdf_60.png Graphic file (type png)
<use Lab4_poisson_pdf_60.png>
Package pdftex.def Info: Lab4_poisson_pdf_60.png  used on input line 677.
(pdftex.def)             Requested size: 395.58878pt x 263.72485pt.
 [24 <./Lab4_cauchy_pdf_60.png> <./Lab4_cauchy_pdf_100.png>]
<Lab4_poisson_pdf_100.png, id=399, 867.24pt x 578.16pt>
File: Lab4_poisson_pdf_100.png Graphic file (type png)
<use Lab4_poisson_pdf_100.png>
Package pdftex.def Info: Lab4_poisson_pdf_100.png  used on input line 682.
(pdftex.def)             Requested size: 395.58878pt x 263.72485pt.
<Lab4_uniform_pdf_20.png, id=400, 867.24pt x 578.16pt>
File: Lab4_uniform_pdf_20.png Graphic file (type png)
<use Lab4_uniform_pdf_20.png>
Package pdftex.def Info: Lab4_uniform_pdf_20.png  used on input line 687.
(pdftex.def)             Requested size: 395.58878pt x 263.72485pt.
 [25 <./Lab4_poisson_pdf_20.png> <./Lab4_poisson_pdf_60.png>]
<Lab4_uniform_pdf_60.png, id=408, 867.24pt x 578.16pt>
File: Lab4_uniform_pdf_60.png Graphic file (type png)
<use Lab4_uniform_pdf_60.png>
Package pdftex.def Info: Lab4_uniform_pdf_60.png  used on input line 692.
(pdftex.def)             Requested size: 395.58878pt x 263.72485pt.
<Lab4_uniform_pdf_100.png, id=409, 867.24pt x 578.16pt>
File: Lab4_uniform_pdf_100.png Graphic file (type png)
<use Lab4_uniform_pdf_100.png>
Package pdftex.def Info: Lab4_uniform_pdf_100.png  used on input line 697.
(pdftex.def)             Requested size: 395.58878pt x 263.72485pt.
 [26 <./Lab4_poisson_pdf_100.png> <./Lab4_uniform_pdf_20.png>]
<Lab4_normal_cdf.png, id=416, 867.24pt x 578.16pt>
File: Lab4_normal_cdf.png Graphic file (type png)
<use Lab4_normal_cdf.png>
Package pdftex.def Info: Lab4_normal_cdf.png  used on input line 705.
(pdftex.def)             Requested size: 395.58878pt x 263.72485pt.
<Lab4_laplace_cdf.png, id=417, 867.24pt x 578.16pt>
File: Lab4_laplace_cdf.png Graphic file (type png)
<use Lab4_laplace_cdf.png>
Package pdftex.def Info: Lab4_laplace_cdf.png  used on input line 709.
(pdftex.def)             Requested size: 395.58878pt x 263.72485pt.
 [27 <./Lab4_uniform_pdf_60.png> <./Lab4_uniform_pdf_100.png>]
<Lab4_cauchy_cdf.png, id=424, 867.24pt x 578.16pt>
File: Lab4_cauchy_cdf.png Graphic file (type png)
<use Lab4_cauchy_cdf.png>
Package pdftex.def Info: Lab4_cauchy_cdf.png  used on input line 713.
(pdftex.def)             Requested size: 395.58878pt x 263.72485pt.
<Lab4_poisson_cdf.png, id=425, 867.24pt x 578.16pt>
File: Lab4_poisson_cdf.png Graphic file (type png)
<use Lab4_poisson_cdf.png>
Package pdftex.def Info: Lab4_poisson_cdf.png  used on input line 717.
(pdftex.def)             Requested size: 395.58878pt x 263.72485pt.
 [28 <./Lab4_normal_cdf.png> <./Lab4_laplace_cdf.png>]
<Lab4_uniform_cdf.png, id=432, 867.24pt x 578.16pt>
File: Lab4_uniform_cdf.png Graphic file (type png)
<use Lab4_uniform_cdf.png>
Package pdftex.def Info: Lab4_uniform_cdf.png  used on input line 721.
(pdftex.def)             Requested size: 395.58878pt x 263.72485pt.
 [29 <./Lab4_cauchy_cdf.png> <./Lab4_poisson_cdf.png>] [30 <./Lab4_uniform_cdf.
png>] [31]
LaTeX Font Info:    Trying to load font information for T2A+cmtt on input line 
769.
 ("D:\MiKTeX 2.9\tex/latex/cyrillic\t2acmtt.fd"
File: t2acmtt.fd 2001/08/11 v1.0a Computer Modern Cyrillic font definitions
)
Underfull \hbox (badness 10000) in paragraph at lines 772--773
[]\T2A/cmr/m/n/10 Выборочное сред-нее - [][]$\T2A/cmtt/m/n/10 https : / / en . 
wikipedia . org / wiki / Sample _ mean _ and _
 []

Package atveryend Info: Empty hook `BeforeClearDocument' on input line 817.
[32pdfTeX warning (ext4): destination with the same identifier (name{cite.med})
 has been already used, duplicate ignored

\AtBegShi@Output ...ipout \box \AtBeginShipoutBox 
                                                  \fi \fi 
l.817 \end{document}
                    ]
Package atveryend Info: Empty hook `AfterLastShipout' on input line 817.
 (Labs1-4.aux)
Package atveryend Info: Executing hook `AtVeryEndDocument' on input line 817.
Package atveryend Info: Executing hook `AtEndAfterFileList' on input line 817.
Package rerunfilecheck Info: File `Labs1-4.out' has not changed.
(rerunfilecheck)             Checksum: B2C3AD4B7FAC736D2D0881B7AA02FF10;5007.


LaTeX Warning: There were multiply-defined labels.

Package atveryend Info: Empty hook `AtVeryVeryEnd' on input line 817.
 ) 
Here is how much of TeX's memory you used:
 18591 strings out of 480934
 249145 string characters out of 2916186
 548503 words of memory out of 3000000
 33950 multiletter control sequences out of 15000+200000
 560121 words of font info for 111 fonts, out of 3000000 for 9000
 1141 hyphenation exceptions out of 8191
 38i,10n,45p,3238b,575s stack positions out of 5000i,500n,10000p,200000b,50000s
 <C:\Users\Dmitrii\AppData\Local\MiKTeX\2.9\fonts/pk/ljfour/lh/lh-t2a/dpi600\
latt1000.pk>{D:/MiKTeX 2.9/fonts/enc/dvips/mnsymbol/MnSymbolD.enc}{D:/MiKTeX 2.
9/fonts/enc/dvips/mnsymbol/MnSymbolF.enc} <C:\Users\Dmitrii\AppData\Local\MiKTe
X\2.9\fonts/pk/ljfour/lh/lh-t2a/dpi600\labx1200.pk>{D:/MiKTeX 2.9/fonts/enc/dvi
ps/mnsymbol/MnSymbolE.enc}{D:/MiKTeX 2.9/fonts/enc/dvips/mnsymbol/MnSymbolC.enc
} <C:\Users\Dmitrii\AppData\Local\MiKTeX\2.9\fonts/pk/ljfour/lh/lh-t2a/dpi600\l
abx1440.pk> <C:\Users\Dmitrii\AppData\Local\MiKTeX\2.9\fonts/pk/ljfour/lh/lh-t2
a/dpi600\labx1000.pk> <C:\Users\Dmitrii\AppData\Local\MiKTeX\2.9\fonts/pk/ljfou
r/lh/lh-t2a/dpi600\labx1728.pk> <C:\Users\Dmitrii\AppData\Local\MiKTeX\2.9\font
s/pk/ljfour/lh/lh-t2a/dpi600\lacc2074.pk> <C:\Users\Dmitrii\AppData\Local\MiKTe
X\2.9\fonts/pk/ljfour/lh/lh-t2a/dpi600\lacc1200.pk> <C:\Users\Dmitrii\AppData\L
ocal\MiKTeX\2.9\fonts/pk/ljfour/lh/lh-t2a/dpi600\larm1000.pk> <C:\Users\Dmitrii
\AppData\Local\MiKTeX\2.9\fonts/pk/ljfour/lh/lh-t2a/dpi600\lacc1440.pk><D:/MiKT
eX 2.9/fonts/type1/public/mnsymbol/MnSymbol10.pfb><D:/MiKTeX 2.9/fonts/type1/pu
blic/mnsymbol/MnSymbol12.pfb><D:/MiKTeX 2.9/fonts/type1/public/mnsymbol/MnSymbo
l7.pfb><D:/MiKTeX 2.9/fonts/type1/public/amsfonts/cm/cmmi10.pfb><D:/MiKTeX 2.9/
fonts/type1/public/amsfonts/cm/cmmi5.pfb><D:/MiKTeX 2.9/fonts/type1/public/amsf
onts/cm/cmmi7.pfb><D:/MiKTeX 2.9/fonts/type1/public/amsfonts/cm/cmr10.pfb><D:/M
iKTeX 2.9/fonts/type1/public/amsfonts/cm/cmr17.pfb><D:/MiKTeX 2.9/fonts/type1/p
ublic/amsfonts/cm/cmr5.pfb><D:/MiKTeX 2.9/fonts/type1/public/amsfonts/cm/cmr7.p
fb>
Output written on Labs1-4.pdf (32 pages, 1900850 bytes).
PDF statistics:
 929 PDF objects out of 1000 (max. 8388607)
 142 named destinations out of 1000 (max. 500000)
 340 words of extra memory for PDF output out of 10000 (max. 10000000)

